\BOOKMARK [0][-]{chapter.1}{\376\377\000B\000e\000v\000e\000z\000e\000t\000\351\000s}{}% 1
\BOOKMARK [0][-]{chapter.2}{\376\377\000E\000l\000m\000\351\000l\000e\000t\000i\000\040\000h\000\341\000t\000t\000\351\000r}{}% 2
\BOOKMARK [1][-]{section.2.1}{\376\377\000G\000r\000a\000f\000i\000k\000o\000n\000o\000k\000\040\000t\000\366\000r\000t\000\351\000n\000e\000t\000e\000\040\000\351\000s\000\040\000t\000\355\000p\000u\000s\000a\000i}{chapter.2}% 3
\BOOKMARK [2][-]{subsection.2.1.1}{\376\377\000G\000r\000a\000f\000i\000k\000o\000n\000\040\000t\000\355\000p\000u\000s\000o\000k\000\040\000g\000r\000a\000p\000h\000T\000y\000p\000e\000s}{section.2.1}% 4
\BOOKMARK [1][-]{section.2.2}{\376\377\000T\001\121\000z\000s\000d\000e}{chapter.2}% 5
\BOOKMARK [2][-]{subsection.2.2.1}{\376\377\000R\000\351\000s\000z\000v\000\351\000n\000y}{section.2.2}% 6
\BOOKMARK [1][-]{section.2.3}{\376\377\000B\000e\000f\000e\000k\000t\000e\000t\000\351\000s\000i\000\040\000a\000l\000a\000p\000o\000k}{chapter.2}% 7
\BOOKMARK [2][-]{subsection.2.3.1}{\376\377\000T\001\121\000z\000s\000d\000e\000i\000\040\000\341\000r\000f\000o\000l\000y\000a\000m\000\040}{section.2.3}% 8
\BOOKMARK [0][-]{chapter.3}{\376\377\000S\000p\000e\000c\000i\000f\000i\000k\000\341\000c\000i\000\363}{}% 9
\BOOKMARK [1][-]{section.3.1}{\376\377\000T\000e\000r\000v\000e\000z\000\351\000s\000\040}{chapter.3}% 10
\BOOKMARK [1][-]{section.3.2}{\376\377\000F\000e\000l\000h\000a\000s\000z\000n\000\341\000l\000t\000\040\000t\000e\000c\000h\000n\000o\000l\000\363\000g\000i\000\341\000k}{chapter.3}% 11
\BOOKMARK [2][-]{subsection.3.2.1}{\376\377\000H\000T\000M\000L\0005}{section.3.2}% 12
\BOOKMARK [2][-]{subsection.3.2.2}{\376\377\000C\000S\000S}{section.3.2}% 13
\BOOKMARK [2][-]{subsection.3.2.3}{\376\377\000N\000o\000d\000e\000.\000j\000s}{section.3.2}% 14
\BOOKMARK [2][-]{subsection.3.2.4}{\376\377\000J\000a\000v\000a\000S\000c\000r\000i\000p\000t}{section.3.2}% 15
\BOOKMARK [1][-]{section.3.3}{\376\377\000C\000h\000a\000r\000t\000.\000j\000s\000\040\000b\000e\000m\000u\000t\000a\000t\000\341\000s\000a}{chapter.3}% 16
\BOOKMARK [2][-]{subsection.3.3.1}{\376\377\000C\000h\000a\000r\000t\000.\000j\000s\000\040\000\366\000s\000s\000z\000e\000h\000a\000s\000o\000n\000l\000\355\000t\000\341\000s\000a\000\040\000D\0003\000.\000J\000S\000\040\000k\000e\000r\000e\000t\000r\000e\000n\000d\000s\000z\000e\000r\000r\000e\000l}{section.3.3}% 17
\BOOKMARK [0][-]{chapter.4}{\376\377\000I\000m\000p\000l\000e\000m\000e\000n\000t\000\341\000c\000i\000\363}{}% 18
\BOOKMARK [1][-]{section.4.1}{\376\377\000\301\000t\000t\000e\000k\000i\000n\000t\000\351\000s}{chapter.4}% 19
\BOOKMARK [2][-]{subsection.4.1.1}{\376\377\000P\000r\000o\000b\000l\000\351\000m\000a\000k\000\366\000r}{section.4.1}% 20
\BOOKMARK [2][-]{subsection.4.1.2}{\376\377\000P\000r\000o\000g\000r\000a\000m\000\040\000m\001\161\000k\000\366\000d\000\351\000s\000\351\000n\000e\000k\000\040\000e\000l\000v\000e}{section.4.1}% 21
\BOOKMARK [1][-]{section.4.2}{\376\377\000F\000e\000j\000l\000e\000s\000z\000t\000\351\000s\000i\000\040\000e\000s\000z\000k\000\366\000z\000\366\000k}{chapter.4}% 22
\BOOKMARK [2][-]{subsection.4.2.1}{\376\377\000R\000\351\000s\000z\000v\000\351\000n\000y\000e\000k\000\040\000a\000d\000a\000t\000a\000i\000h\000o\000z\000\040\000v\000a\000l\000\363\000\040\000h\000o\000z\000z\000\341\000f\000\351\000r\000\351\000s}{section.4.2}% 23
\BOOKMARK [2][-]{subsection.4.2.2}{\376\377\000P\000o\000s\000t\000m\000a\000n}{section.4.2}% 24
\BOOKMARK [2][-]{subsection.4.2.3}{\376\377\000F\000e\000j\000l\000e\000s\000z\000t\001\121\000i\000\040\000k\000\366\000r\000n\000y\000e\000z\000e\000t\000\040}{section.4.2}% 25
\BOOKMARK [2][-]{subsection.4.2.4}{\376\377\000G\000i\000t\000\040}{section.4.2}% 26
\BOOKMARK [1][-]{section.4.3}{\376\377\000K\000l\000i\000e\000n\000s}{chapter.4}% 27
\BOOKMARK [1][-]{section.4.4}{\376\377\000S\000z\000e\000r\000v\000e\000r\000\040}{chapter.4}% 28
\BOOKMARK [0][-]{chapter.5}{\376\377\000A\000l\000k\000a\000l\000m\000a\000z\000\341\000s\000\040\000b\000e\000m\000u\000t\000a\000t\000\341\000s\000a}{}% 29
\BOOKMARK [1][-]{section.5.1}{\376\377\000A\000l\000k\000a\000l\000m\000a\000z\000\341\000s\000\040\000f\000e\000l\000\351\000p\000\355\000t\000\351\000s\000e}{chapter.5}% 30
\BOOKMARK [1][-]{section.5.2}{\376\377\000A\000l\000k\000a\000l\000m\000a\000z\000\341\000s\000\040\000p\000a\000n\000e\000l\000e\000i}{chapter.5}% 31
\BOOKMARK [2][-]{subsection.5.2.1}{\376\377\000K\000e\000z\000d\001\121\000l\000a\000p}{section.5.2}% 32
\BOOKMARK [2][-]{subsection.5.2.2}{\376\377\000G\000r\000a\000f\000i\000k\000o\000n\000r\000a\000j\000z\000o\000l\000\363}{section.5.2}% 33
\BOOKMARK [2][-]{subsection.5.2.3}{\376\377\000B\000e\000f\000e\000k\000t\000e\000t\000\351\000s\000e\000k}{section.5.2}% 34
\BOOKMARK [2][-]{subsection.5.2.4}{\376\377\000K\000a\000p\000c\000s\000o\000l\000a\000t}{section.5.2}% 35
\BOOKMARK [2][-]{subsection.5.2.5}{\376\377\000D\000e\000s\000i\000g\000n\000\040\000m\000e\000g\000t\000e\000r\000v\000e\000z\000\351\000s\000e}{section.5.2}% 36
\BOOKMARK [2][-]{subsection.5.2.6}{\376\377\000N\000a\000v\000i\000g\000\341\000c\000i\000\363}{section.5.2}% 37
\BOOKMARK [2][-]{subsection.5.2.7}{\376\377\000L\000\341\000b\000l\000\351\000c}{section.5.2}% 38
\BOOKMARK [2][-]{subsection.5.2.8}{\376\377\000L\000o\000g\000\363}{section.5.2}% 39
\BOOKMARK [1][-]{section.5.3}{\376\377\000A\000l\000k\000a\000l\000m\000a\000z\000\341\000s\000\040\000\341\000t\000t\000e\000k\000i\000n\000t\000\351\000s\000e}{chapter.5}% 40
\BOOKMARK [2][-]{subsection.5.3.1}{\376\377\000M\000\341\000s\000\040\000o\000l\000d\000a\000l\000a\000k\000k\000a\000l\000\040\000\366\000s\000s\000z\000e\000h\000a\000s\000o\000n\000l\000\355\000t\000\341\000s}{section.5.3}% 41
\BOOKMARK [2][-]{subsection.5.3.2}{\376\377\000M\000i\000\351\000r\000t\000\040\000f\000o\000n\000t\000o\000s\000a\000k\000\040\000a\000\040\000t\001\121\000z\000s\000d\000\351\000t\000\040\000e\000l\000e\000m\000z\001\121\000\040\000w\000e\000b\000o\000l\000d\000a\000l\000a\000k\000?}{section.5.3}% 42
\BOOKMARK [2][-]{subsection.5.3.3}{\376\377\000H\000o\000g\000y\000a\000n\000\040\000l\000e\000h\000e\000t\000\040\000f\000e\000l\000h\000a\000s\000z\000n\000\341\000l\000n\000i\000\040\000a\000d\000a\000t\000o\000k\000\040\000e\000l\000e\000m\000z\000\351\000s\000\351\000h\000e\000z\000?}{section.5.3}% 43
\BOOKMARK [2][-]{subsection.5.3.4}{\376\377\000R\000\351\000s\000z\000v\000\351\000n\000y\000e\000l\000e\000m\000z\000\351\000s}{section.5.3}% 44
\BOOKMARK [0][-]{chapter.6}{\376\377\000\326\000s\000s\000z\000e\000f\000o\000g\000l\000a\000l\000\341\000s}{}% 45
\BOOKMARK [1][-]{section.6.1}{\376\377\000T\000o\000v\000\341\000b\000b\000f\000e\000j\000l\000e\000s\000z\000t\000\351\000s\000i\000\040\000l\000e\000h\000e\000t\001\121\000s\000\351\000g\000e\000k}{chapter.6}% 46
\BOOKMARK [1][-]{section.6.2}{\376\377\000S\000u\000m\000m\000a\000r\000y}{chapter.6}% 47
\BOOKMARK [0][-]{section.6.2}{\376\377\000I\000r\000o\000d\000a\000l\000o\000m\000j\000e\000g\000y\000z\000\351\000k}{}% 48
