This is pdfTeX, Version 3.141592653-2.6-1.40.25 (MiKTeX 23.5) (preloaded format=pdflatex 2023.5.17)  1 JUN 2023 13:05
entering extended mode
 restricted \write18 enabled.
 %&-line parsing enabled.
**./dolgozat.tex
(dolgozat.tex
LaTeX2e <2022-11-01> patch level 1
L3 programming layer <2023-05-11>
(C:\Program Files\MiKTeX\tex/latex/base\report.cls
Document Class: report 2022/07/02 v1.4n Standard LaTeX document class
(C:\Program Files\MiKTeX\tex/latex/base\size12.clo
File: size12.clo 2022/07/02 v1.4n Standard LaTeX file (size option)
)
\c@part=\count185
\c@chapter=\count186
\c@section=\count187
\c@subsection=\count188
\c@subsubsection=\count189
\c@paragraph=\count190
\c@subparagraph=\count191
\c@figure=\count192
\c@table=\count193
\abovecaptionskip=\skip48
\belowcaptionskip=\skip49
\bibindent=\dimen140
) (styles/dolgozat.sty
(C:\Users\Bencze Zsombor\AppData\Roaming\MiKTeX\tex/latex/geometry\geometry.sty
Package: geometry 2020/01/02 v5.9 Page Geometry
(C:\Program Files\MiKTeX\tex/latex/graphics\keyval.sty
Package: keyval 2022/05/29 v1.15 key=value parser (DPC)
\KV@toks@=\toks16
)
(C:\Program Files\MiKTeX\tex/generic/iftex\ifvtex.sty
Package: ifvtex 2019/10/25 v1.7 ifvtex legacy package. Use iftex instead.

(C:\Program Files\MiKTeX\tex/generic/iftex\iftex.sty
Package: iftex 2022/02/03 v1.0f TeX engine tests
))
\Gm@cnth=\count194
\Gm@cntv=\count195
\c@Gm@tempcnt=\count196
\Gm@bindingoffset=\dimen141
\Gm@wd@mp=\dimen142
\Gm@odd@mp=\dimen143
\Gm@even@mp=\dimen144
\Gm@layoutwidth=\dimen145
\Gm@layoutheight=\dimen146
\Gm@layouthoffset=\dimen147
\Gm@layoutvoffset=\dimen148
\Gm@dimlist=\toks17

(C:\Users\Bencze Zsombor\AppData\Roaming\MiKTeX\tex/latex/geometry\geometry.cfg
))
(C:\Users\Bencze Zsombor\AppData\Roaming\MiKTeX\tex/latex/fancyhdr\fancyhdr.sty
Package: fancyhdr 2022/11/09 v4.1 Extensive control of page headers and footers

\f@nch@headwidth=\skip50
\f@nch@O@elh=\skip51
\f@nch@O@erh=\skip52
\f@nch@O@olh=\skip53
\f@nch@O@orh=\skip54
\f@nch@O@elf=\skip55
\f@nch@O@erf=\skip56
\f@nch@O@olf=\skip57
\f@nch@O@orf=\skip58
) (C:\Program Files\MiKTeX\tex/latex/amsmath\amsmath.sty
Package: amsmath 2022/04/08 v2.17n AMS math features
\@mathmargin=\skip59

For additional information on amsmath, use the `?' option.
(C:\Program Files\MiKTeX\tex/latex/amsmath\amstext.sty
Package: amstext 2021/08/26 v2.01 AMS text

(C:\Program Files\MiKTeX\tex/latex/amsmath\amsgen.sty
File: amsgen.sty 1999/11/30 v2.0 generic functions
\@emptytoks=\toks18
\ex@=\dimen149
))
(C:\Program Files\MiKTeX\tex/latex/amsmath\amsbsy.sty
Package: amsbsy 1999/11/29 v1.2d Bold Symbols
\pmbraise@=\dimen150
)
(C:\Program Files\MiKTeX\tex/latex/amsmath\amsopn.sty
Package: amsopn 2022/04/08 v2.04 operator names
)
\inf@bad=\count197
LaTeX Info: Redefining \frac on input line 234.
\uproot@=\count198
\leftroot@=\count199
LaTeX Info: Redefining \overline on input line 399.
LaTeX Info: Redefining \colon on input line 410.
\classnum@=\count266
\DOTSCASE@=\count267
LaTeX Info: Redefining \ldots on input line 496.
LaTeX Info: Redefining \dots on input line 499.
LaTeX Info: Redefining \cdots on input line 620.
\Mathstrutbox@=\box51
\strutbox@=\box52
LaTeX Info: Redefining \big on input line 722.
LaTeX Info: Redefining \Big on input line 723.
LaTeX Info: Redefining \bigg on input line 724.
LaTeX Info: Redefining \Bigg on input line 725.
\big@size=\dimen151
LaTeX Font Info:    Redeclaring font encoding OML on input line 743.
LaTeX Font Info:    Redeclaring font encoding OMS on input line 744.
\macc@depth=\count268
LaTeX Info: Redefining \bmod on input line 905.
LaTeX Info: Redefining \pmod on input line 910.
LaTeX Info: Redefining \smash on input line 940.
LaTeX Info: Redefining \relbar on input line 970.
LaTeX Info: Redefining \Relbar on input line 971.
\c@MaxMatrixCols=\count269
\dotsspace@=\muskip16
\c@parentequation=\count270
\dspbrk@lvl=\count271
\tag@help=\toks19
\row@=\count272
\column@=\count273
\maxfields@=\count274
\andhelp@=\toks20
\eqnshift@=\dimen152
\alignsep@=\dimen153
\tagshift@=\dimen154
\tagwidth@=\dimen155
\totwidth@=\dimen156
\lineht@=\dimen157
\@envbody=\toks21
\multlinegap=\skip60
\multlinetaggap=\skip61
\mathdisplay@stack=\toks22
LaTeX Info: Redefining \[ on input line 2953.
LaTeX Info: Redefining \] on input line 2954.
)
(C:\Program Files\MiKTeX\tex/latex/amsfonts\amssymb.sty
Package: amssymb 2013/01/14 v3.01 AMS font symbols

(C:\Program Files\MiKTeX\tex/latex/amsfonts\amsfonts.sty
Package: amsfonts 2013/01/14 v3.01 Basic AMSFonts support
\symAMSa=\mathgroup4
\symAMSb=\mathgroup5
LaTeX Font Info:    Redeclaring math symbol \hbar on input line 98.
LaTeX Font Info:    Overwriting math alphabet `\mathfrak' in version `bold'
(Font)                  U/euf/m/n --> U/euf/b/n on input line 106.
))
(C:\Program Files\MiKTeX\tex/latex/graphics\color.sty
Package: color 2022/01/06 v1.3d Standard LaTeX Color (DPC)

(C:\Program Files\MiKTeX\tex/latex/graphics-cfg\color.cfg
File: color.cfg 2016/01/02 v1.6 sample color configuration
)
Package color Info: Driver file: pdftex.def on input line 149.

(C:\Program Files\MiKTeX\tex/latex/graphics-def\pdftex.def
File: pdftex.def 2022/09/22 v1.2b Graphics/color driver for pdftex
)
(C:\Program Files\MiKTeX\tex/latex/graphics\mathcolor.ltx))
(C:\Program Files\MiKTeX\tex/latex/graphics\epsfig.sty
Package: epsfig 2017/06/25 v1.7b (e)psfig emulation (SPQR)

(C:\Program Files\MiKTeX\tex/latex/graphics\graphicx.sty
Package: graphicx 2021/09/16 v1.2d Enhanced LaTeX Graphics (DPC,SPQR)

(C:\Program Files\MiKTeX\tex/latex/graphics\graphics.sty
Package: graphics 2022/03/10 v1.4e Standard LaTeX Graphics (DPC,SPQR)

(C:\Program Files\MiKTeX\tex/latex/graphics\trig.sty
Package: trig 2021/08/11 v1.11 sin cos tan (DPC)
)
(C:\Program Files\MiKTeX\tex/latex/graphics-cfg\graphics.cfg
File: graphics.cfg 2016/06/04 v1.11 sample graphics configuration
)
Package graphics Info: Driver file: pdftex.def on input line 107.
)
\Gin@req@height=\dimen158
\Gin@req@width=\dimen159
)
\epsfxsize=\dimen160
\epsfysize=\dimen161
)
(C:\Program Files\MiKTeX\tex/latex/base\ifthen.sty
Package: ifthen 2022/04/13 v1.1d Standard LaTeX ifthen package (DPC)
)
(C:\Program Files\MiKTeX\tex/latex/tools\array.sty
Package: array 2022/09/04 v2.5g Tabular extension package (FMi)
\col@sep=\dimen162
\ar@mcellbox=\box53
\extrarowheight=\dimen163
\NC@list=\toks23
\extratabsurround=\skip62
\backup@length=\skip63
\ar@cellbox=\box54
)
(C:\Users\Bencze Zsombor\AppData\Roaming\MiKTeX\tex/latex/ntheorem\ntheorem.sty
Style `ntheorem', Version 1.33 <2011/08/15>
Package: ntheorem 2011/08/15 1.33
\theorem@style=\toks24
\theorem@@style=\toks25
\theorembodyfont=\toks26
\theoremnumbering=\toks27
\theorempreskipamount=\skip64
\theorempostskipamount=\skip65
\theoremframepreskipamount=\skip66
\theoremframepostskipamount=\skip67
\theoreminframepreskipamount=\skip68
\theoreminframepostskipamount=\skip69
\theorem@preskip=\toks28
\theorem@postskip=\toks29
\theorem@framepreskip=\toks30
\theorem@framepostskip=\toks31
\theorem@inframepreskip=\toks32
\theorem@inframepostskip=\toks33
\theoremindent=\dimen164
\theorem@indent=\dimen165
\theoremrightindent=\dimen166
\theorem@rightindent=\dimen167
\theoremheaderfont=\toks34
\theoremseparator=\toks35
\theoremprework=\toks36
\theorempostwork=\toks37
\theoremsymbol=\toks38
\qedsymbol=\toks39
\theoremkeyword=\toks40
\qedsymbol=\toks41
\thm@topsep=\skip70
\thm@topsepadd=\skip71
)
(C:\Users\Bencze Zsombor\AppData\Roaming\MiKTeX\tex/latex/multirow\multirow.sty
Package: multirow 2021/03/15 v2.8 Span multiple rows of a table
\multirow@colwidth=\skip72
\multirow@cntb=\count275
\multirow@dima=\skip73
\bigstrutjot=\dimen168
)
(C:\Users\Bencze Zsombor\AppData\Roaming\MiKTeX\tex/latex/colortbl\colortbl.sty
Package: colortbl 2022/06/20 v1.0f Color table columns (DPC)
\everycr=\toks42
\minrowclearance=\skip74
\rownum=\count276
) (C:\Users\Bencze Zsombor\AppData\Roaming\MiKTeX\tex/generic/mfpic\mfpic.sty
Package: mfpic 2012/12/03 v1.10. Macros for drawing with Metafont/MetaPost.

(C:\Users\Bencze Zsombor\AppData\Roaming\MiKTeX\tex/generic/mfpic\mfpic.tex
\mfp@out=\write3
\mfp@graph=\read2
\mfp@count=\count277
\mfp@linetype=\count278
\mfp@sequence=\count279
\mfp@toks=\toks43
\mfp@verbtex=\toks44
\mfp@fdc=\count280
\@wholegraph=\box55
\@textbox=\box56
\@alltlabels=\box57
\@backtext=\box58
\@tlabelstop=\fontdimen 23\mfp@dummy 
\@tlabelsbot=\fontdimen 24\mfp@dummy 
\@tlabelsleft=\fontdimen 25\mfp@dummy 
\@graphright=\fontdimen 26\mfp@dummy 
\@graphleft=\fontdimen 27\mfp@dummy 
\@graphtop=\fontdimen 28\mfp@dummy 
\@graphbot=\fontdimen 29\mfp@dummy 
\tb@raise=\fontdimen 30\mfp@dummy 
\tb@moveright=\fontdimen 31\mfp@dummy 
\tb@totalht=\fontdimen 32\mfp@dummy 
\tlabel@hadj=\fontdimen 33\mfp@dummy 
\tlabel@vadj=\fontdimen 34\mfp@dummy 
\tlabel@sep=\fontdimen 35\mfp@dummy 
\tlpath@sep=\fontdimen 36\mfp@dummy 
\mfpicunit=\fontdimen 37\mfp@dummy 
\@mfpicunit=\fontdimen 38\mfp@dummy 
\pointsize=\fontdimen 39\mfp@dummy 
\shadespace=\fontdimen 40\mfp@dummy 
\polkadotspace=\fontdimen 41\mfp@dummy 
\hatchspace=\fontdimen 42\mfp@dummy 
\headlen=\fontdimen 43\mfp@dummy 
\axisheadlen=\fontdimen 44\mfp@dummy 
\sideheadlen=\fontdimen 45\mfp@dummy 
\hashlen=\fontdimen 46\mfp@dummy 
\dashlen=\fontdimen 47\mfp@dummy 
\dashspace=\fontdimen 48\mfp@dummy 
\dotsize=\fontdimen 49\mfp@dummy 
\griddotsize=\fontdimen 50\mfp@dummy 
\dotspace=\fontdimen 51\mfp@dummy 
\symbolspace=\fontdimen 52\mfp@dummy 
\mfp@scratch=\dimen169
\mfpframesep=\dimen170
\mfpframethickness=\dimen171
\mfpicheight=\dimen172
\mfpicwidth=\dimen173
\mfpiccaptionskip=\skip75
\tl@vpos=\count281
\tl@hpos=\count282
\mfp@commentchar=\count283
))
(C:\Program Files\MiKTeX\tex/latex/base\inputenc.sty
Package: inputenc 2021/02/14 v1.3d Input encoding file
\inpenc@prehook=\toks45
\inpenc@posthook=\toks46
)
(C:\Program Files\MiKTeX\tex/latex/base\fontenc.sty
Package: fontenc 2021/04/29 v2.0v Standard LaTeX package
)
(C:\Program Files\MiKTeX\tex/generic/babel\babel.sty
Package: babel 2023/05/11 v3.89 The Babel package
\babel@savecnt=\count284
\U@D=\dimen174
\l@unhyphenated=\language79

(C:\Program Files\MiKTeX\tex/generic/babel\txtbabel.def)
\bbl@readstream=\read3
\bbl@dirlevel=\count285

*************************************
* Local config file bblopts.cfg used
*
(C:\Program Files\MiKTeX\tex/latex/arabi\bblopts.cfg
File: bblopts.cfg 2005/09/08 v0.1 add Arabic and Farsi to "declared" options of
 babel
)
(C:\Users\Bencze Zsombor\AppData\Roaming\MiKTeX\tex/latex/babel-hungarian\magya
r.ldf
Language: magyar 2019/01/14 v1.5c Magyar (Hungarian) support for babel
Package babel Info: Making ` an active character on input line 2819.
\c@footnote@add=\count286
\c@footnote@ch=\count287
)) (C:\Program Files\MiKTeX\tex/generic/babel/locale/hu\babel-magyar.tex
Package babel Info: Importing font and identification data for magyar
(babel)             from babel-hu.ini. Reported on input line 11.
)
\c@theorem=\count288
\c@prooF=\count289
) (C:\Program Files\MiKTeX\tex/latex/listings\listings.sty
\lst@mode=\count290
\lst@gtempboxa=\box59
\lst@token=\toks47
\lst@length=\count291
\lst@currlwidth=\dimen175
\lst@column=\count292
\lst@pos=\count293
\lst@lostspace=\dimen176
\lst@width=\dimen177
\lst@newlines=\count294
\lst@lineno=\count295
\lst@maxwidth=\dimen178

(C:\Program Files\MiKTeX\tex/latex/listings\lstmisc.sty
File: lstmisc.sty 2023/02/27 1.9 (Carsten Heinz)
\c@lstnumber=\count296
\lst@skipnumbers=\count297
\lst@framebox=\box60
)
(C:\Program Files\MiKTeX\tex/latex/listings\listings.cfg
File: listings.cfg 2023/02/27 1.9 listings configuration
))
Package: listings 2023/02/27 1.9 (Carsten Heinz)
 (styles/cpp.sty
LaTeX Font Info:    Trying to load font information for T1+txtt on input line 2
.

(C:\Users\Bencze Zsombor\AppData\Roaming\MiKTeX\tex/latex/txfonts\t1txtt.fd
File: t1txtt.fd 2000/12/15 v3.1
))
(styles/python.sty
Package color Info: Redefining color deepblue on input line 7.
Package color Info: Redefining color deepred on input line 8.
Package color Info: Redefining color deepgreen on input line 9.
Package color Info: Redefining color codebg on input line 11.
Package color Info: Redefining color framecolor on input line 12.
) (C:\Program Files\MiKTeX\tex/latex/hyperref\hyperref.sty
Package: hyperref 2023-04-22 v7.00x Hypertext links for LaTeX

(C:\Users\Bencze Zsombor\AppData\Roaming\MiKTeX\tex/generic/ltxcmds\ltxcmds.sty
Package: ltxcmds 2020-05-10 v1.25 LaTeX kernel commands for general use (HO)
) (C:\Program Files\MiKTeX\tex/generic/pdftexcmds\pdftexcmds.sty
Package: pdftexcmds 2020-06-27 v0.33 Utility functions of pdfTeX for LuaTeX (HO
)

(C:\Users\Bencze Zsombor\AppData\Roaming\MiKTeX\tex/generic/infwarerr\infwarerr
.sty
Package: infwarerr 2019/12/03 v1.5 Providing info/warning/error messages (HO)
)
Package pdftexcmds Info: \pdf@primitive is available.
Package pdftexcmds Info: \pdf@ifprimitive is available.
Package pdftexcmds Info: \pdfdraftmode found.
)
(C:\Users\Bencze Zsombor\AppData\Roaming\MiKTeX\tex/latex/kvsetkeys\kvsetkeys.s
ty
Package: kvsetkeys 2022-10-05 v1.19 Key value parser (HO)
)
(C:\Users\Bencze Zsombor\AppData\Roaming\MiKTeX\tex/generic/kvdefinekeys\kvdefi
nekeys.sty
Package: kvdefinekeys 2019-12-19 v1.6 Define keys (HO)
)
(C:\Users\Bencze Zsombor\AppData\Roaming\MiKTeX\tex/generic/pdfescape\pdfescape
.sty
Package: pdfescape 2019/12/09 v1.15 Implements pdfTeX's escape features (HO)
)
(C:\Users\Bencze Zsombor\AppData\Roaming\MiKTeX\tex/latex/hycolor\hycolor.sty
Package: hycolor 2020-01-27 v1.10 Color options for hyperref/bookmark (HO)
)
(C:\Users\Bencze Zsombor\AppData\Roaming\MiKTeX\tex/latex/letltxmacro\letltxmac
ro.sty
Package: letltxmacro 2019/12/03 v1.6 Let assignment for LaTeX macros (HO)
)
(C:\Users\Bencze Zsombor\AppData\Roaming\MiKTeX\tex/latex/auxhook\auxhook.sty
Package: auxhook 2019-12-17 v1.6 Hooks for auxiliary files (HO)
)
(C:\Program Files\MiKTeX\tex/latex/hyperref\nameref.sty
Package: nameref 2022-05-17 v2.50 Cross-referencing by name of section

(C:\Users\Bencze Zsombor\AppData\Roaming\MiKTeX\tex/latex/refcount\refcount.sty
Package: refcount 2019/12/15 v3.6 Data extraction from label references (HO)
)
(C:\Users\Bencze Zsombor\AppData\Roaming\MiKTeX\tex/generic/gettitlestring\gett
itlestring.sty
Package: gettitlestring 2019/12/15 v1.6 Cleanup title references (HO)

(C:\Users\Bencze Zsombor\AppData\Roaming\MiKTeX\tex/latex/kvoptions\kvoptions.s
ty
Package: kvoptions 2022-06-15 v3.15 Key value format for package options (HO)
))
\c@section@level=\count298
) (C:\Program Files\MiKTeX\tex/latex/etoolbox\etoolbox.sty
Package: etoolbox 2020/10/05 v2.5k e-TeX tools for LaTeX (JAW)
\etb@tempcnta=\count299
)
\@linkdim=\dimen179
\Hy@linkcounter=\count300
\Hy@pagecounter=\count301

(C:\Program Files\MiKTeX\tex/latex/hyperref\pd1enc.def
File: pd1enc.def 2023-04-22 v7.00x Hyperref: PDFDocEncoding definition (HO)
Now handling font encoding PD1 ...
... no UTF-8 mapping file for font encoding PD1
)
(C:\Users\Bencze Zsombor\AppData\Roaming\MiKTeX\tex/generic/intcalc\intcalc.sty
Package: intcalc 2019/12/15 v1.3 Expandable calculations with integers (HO)
)
\Hy@SavedSpaceFactor=\count302
 (C:\Program Files\MiKTeX\tex/latex/hyperref\puenc.def
File: puenc.def 2023-04-22 v7.00x Hyperref: PDF Unicode definition (HO)
Now handling font encoding PU ...
... no UTF-8 mapping file for font encoding PU
)
Package hyperref Info: Hyper figures OFF on input line 4182.
Package hyperref Info: Link nesting OFF on input line 4187.
Package hyperref Info: Hyper index ON on input line 4190.
Package hyperref Info: Plain pages OFF on input line 4197.
Package hyperref Info: Backreferencing OFF on input line 4202.
Package hyperref Info: Implicit mode ON; LaTeX internals redefined.
Package hyperref Info: Bookmarks ON on input line 4449.
\c@Hy@tempcnt=\count303

(C:\Program Files\MiKTeX\tex/latex/url\url.sty
\Urlmuskip=\muskip17
Package: url 2013/09/16  ver 3.4  Verb mode for urls, etc.
)
LaTeX Info: Redefining \url on input line 4787.
\XeTeXLinkMargin=\dimen180

(C:\Users\Bencze Zsombor\AppData\Roaming\MiKTeX\tex/generic/bitset\bitset.sty
Package: bitset 2019/12/09 v1.3 Handle bit-vector datatype (HO)

(C:\Users\Bencze Zsombor\AppData\Roaming\MiKTeX\tex/generic/bigintcalc\bigintca
lc.sty
Package: bigintcalc 2019/12/15 v1.5 Expandable calculations on big integers (HO
)
))
\Fld@menulength=\count304
\Field@Width=\dimen181
\Fld@charsize=\dimen182
Package hyperref Info: Hyper figures OFF on input line 6066.
Package hyperref Info: Link nesting OFF on input line 6071.
Package hyperref Info: Hyper index ON on input line 6074.
Package hyperref Info: backreferencing OFF on input line 6081.
Package hyperref Info: Link coloring OFF on input line 6086.
Package hyperref Info: Link coloring with OCG OFF on input line 6091.
Package hyperref Info: PDF/A mode OFF on input line 6096.
 (C:\Program Files\MiKTeX\tex/latex/base\atbegshi-ltx.sty
Package: atbegshi-ltx 2021/01/10 v1.0c Emulation of the original atbegshi
package with kernel methods
)
\Hy@abspage=\count305
\c@Item=\count306
\c@Hfootnote=\count307
)
Package hyperref Info: Driver (autodetected): hpdftex.

(C:\Program Files\MiKTeX\tex/latex/hyperref\hpdftex.def
File: hpdftex.def 2023-04-22 v7.00x Hyperref driver for pdfTeX

(C:\Program Files\MiKTeX\tex/latex/base\atveryend-ltx.sty
Package: atveryend-ltx 2020/08/19 v1.0a Emulation of the original atveryend pac
kage
with kernel methods
)
\Fld@listcount=\count308
\c@bookmark@seq@number=\count309

(C:\Users\Bencze Zsombor\AppData\Roaming\MiKTeX\tex/latex/rerunfilecheck\rerunf
ilecheck.sty
Package: rerunfilecheck 2022-07-10 v1.10 Rerun checks for auxiliary files (HO)

(C:\Users\Bencze Zsombor\AppData\Roaming\MiKTeX\tex/generic/uniquecounter\uniqu
ecounter.sty
Package: uniquecounter 2019/12/15 v1.4 Provide unlimited unique counter (HO)
)
Package uniquecounter Info: New unique counter `rerunfilecheck' on input line 2
85.
)
\Hy@SectionHShift=\skip76
)
(C:\Program Files\MiKTeX\tex/latex/l3backend\l3backend-pdftex.def
File: l3backend-pdftex.def 2023-04-19 L3 backend support: PDF output (pdfTeX)
\l__color_backend_stack_int=\count310
\l__pdf_internal_box=\box61
)
(dolgozat.aux (cover/cimlap.aux) (cover/feladatkiiras.aux)
(chapters/1_introduction.aux) (chapters/2_theoretical_background.aux)
(chapters/3_specification.aux) (chapters/4_implementation.aux

LaTeX Warning: Label `fig:fetch' multiply defined.

) (chapters/5_presentation.aux) (chapters/6_summary.aux) (cover/hasznalati.aux)
)
\openout1 = `dolgozat.aux'.

LaTeX Font Info:    Checking defaults for OML/cmm/m/it on input line 11.
LaTeX Font Info:    ... okay on input line 11.
LaTeX Font Info:    Checking defaults for OMS/cmsy/m/n on input line 11.
LaTeX Font Info:    ... okay on input line 11.
LaTeX Font Info:    Checking defaults for OT1/cmr/m/n on input line 11.
LaTeX Font Info:    ... okay on input line 11.
LaTeX Font Info:    Checking defaults for T1/cmr/m/n on input line 11.
LaTeX Font Info:    ... okay on input line 11.
LaTeX Font Info:    Checking defaults for TS1/cmr/m/n on input line 11.
LaTeX Font Info:    ... okay on input line 11.
LaTeX Font Info:    Checking defaults for OMX/cmex/m/n on input line 11.
LaTeX Font Info:    ... okay on input line 11.
LaTeX Font Info:    Checking defaults for U/cmr/m/n on input line 11.
LaTeX Font Info:    ... okay on input line 11.
LaTeX Font Info:    Checking defaults for PD1/pdf/m/n on input line 11.
LaTeX Font Info:    ... okay on input line 11.
LaTeX Font Info:    Checking defaults for PU/pdf/m/n on input line 11.
LaTeX Font Info:    ... okay on input line 11.

*geometry* detected driver: dvips
*geometry* verbose mode - [ preamble ] result:
* driver: dvips
* paper: custom
* layout: <same size as paper>
* layoutoffset:(h,v)=(0.0pt,0.0pt)
* modes: 
* h-part:(L,W,R)=(85.35826pt, 441.01773pt, 71.13188pt)
* v-part:(T,H,B)=(71.13188pt, 702.78308pt, 71.13188pt)
* \paperwidth=597.50787pt
* \paperheight=845.04684pt
* \textwidth=441.01773pt
* \textheight=702.78308pt
* \oddsidemargin=13.08827pt
* \evensidemargin=13.08827pt
* \topmargin=-36.53957pt
* \headheight=15.2pt
* \headsep=20.20146pt
* \topskip=12.0pt
* \footskip=30.0pt
* \marginparwidth=35.0pt
* \marginparsep=10.0pt
* \columnsep=10.0pt
* \skip\footins=10.8pt plus 4.0pt minus 2.0pt
* \hoffset=0.0pt
* \voffset=0.0pt
* \mag=1000
* \@twocolumnfalse
* \@twosidefalse
* \@mparswitchfalse
* \@reversemarginfalse
* (1in=72.27pt=25.4mm, 1cm=28.453pt)

(C:\Program Files\MiKTeX\tex/context/base/mkii\supp-pdf.mkii
[Loading MPS to PDF converter (version 2006.09.02).]
\scratchcounter=\count311
\scratchdimen=\dimen183
\scratchbox=\box62
\nofMPsegments=\count312
\nofMParguments=\count313
\everyMPshowfont=\toks48
\MPscratchCnt=\count314
\MPscratchDim=\dimen184
\MPnumerator=\count315
\makeMPintoPDFobject=\count316
\everyMPtoPDFconversion=\toks49
) (C:\Program Files\MiKTeX\tex/latex/epstopdf-pkg\epstopdf-base.sty
Package: epstopdf-base 2020-01-24 v2.11 Base part for package epstopdf
Package epstopdf-base Info: Redefining graphics rule for `.eps' on input line 4
85.

(C:\Program Files\MiKTeX\tex/latex/00miktex\epstopdf-sys.cfg
File: epstopdf-sys.cfg 2021/03/18 v2.0 Configuration of epstopdf for MiKTeX
))
\c@lstlisting=\count317
Package hyperref Info: Link coloring OFF on input line 11.
 (dolgozat.out)
(dolgozat.out)
\@outlinefile=\write4
\openout4 = `dolgozat.out'.

 (C:\Program Files\MiKTeX\tex/latex/base\report.cls
LaTeX Info: Redefining \cal on input line 577.
LaTeX Info: Redefining \mit on input line 578.
)
\openout2 = `cover/cimlap.aux'.


(cover/cimlap.tex
<images/me_logo.png, id=194, 1204.5pt x 1148.29pt>
File: images/me_logo.png Graphic file (type png)
<use images/me_logo.png>
Package pdftex.def Info: images/me_logo.png  used on input line 9.
(pdftex.def)             Requested size: 136.5572pt x 113.80196pt.
LaTeX Font Info:    Trying to load font information for U+msa on input line 25.

 (C:\Program Files\MiKTeX\tex/latex/amsfonts\umsa.fd
File: umsa.fd 2013/01/14 v3.01 AMS symbols A
)
LaTeX Font Info:    Trying to load font information for U+msb on input line 25.


(C:\Program Files\MiKTeX\tex/latex/amsfonts\umsb.fd
File: umsb.fd 2013/01/14 v3.01 AMS symbols B
) [1
Non-PDF special ignored!
<special> papersize=597.50787pt,845.04684pt



{C:/Users/Bencze Zsombor/AppData/Local/MiKTeX/fonts/map/pdftex/pdftex.map} <./i
mages/me_logo.png>])
\openout2 = `cover/feladatkiiras.aux'.

 (cover/feladatkiiras.tex
Underfull \hbox (badness 10000) in paragraph at lines 12--13

 []


Underfull \hbox (badness 10000) in paragraph at lines 14--15

 []


Underfull \hbox (badness 10000) in paragraph at lines 16--17

 []


Underfull \hbox (badness 10000) in paragraph at lines 34--35

 []


Underfull \hbox (badness 10000) in paragraph at lines 38--39

 []


Underfull \hbox (badness 10000) detected at line 46
\T1/cmr/m/n/12 szakfelel®s
 []

[2



]
LaTeX Font Info:    Trying to load font information for T1+cmtt on input line 5
6.
 (C:\Program Files\MiKTeX\tex/latex/base\t1cmtt.fd
File: t1cmtt.fd 2022/07/10 v2.5l Standard LaTeX font definitions
)
Underfull \hbox (badness 10000) in paragraph at lines 56--59

 []

[3]) [4] (dolgozat.toc [1




])
\tf@toc=\write5
\openout5 = `dolgozat.toc'.


pdfTeX warning (ext4): destination with the same identifier (name{page.}) has b
een already used, duplicate ignored
<to be read again> 
                   \relax 
l.24 \cleardoublepage
                      [2]
\openout2 = `chapters/1_introduction.aux'.

 (chapters/1_introduction.tex
1. fejezet.
)
pdfTeX warning (ext4): destination with the same identifier (name{page.1}) has 
been already used, duplicate ignored
<to be read again> 
                   \relax 
l.31 \include{chapters/1_introduction}
                                       [1



]
\openout2 = `chapters/2_theoretical_background.aux'.


(chapters/2_theoretical_background.tex
2. fejezet.
<images/historyOfGraphs.png, id=290, 396.7322pt x 142.28156pt>
File: images/historyOfGraphs.png Graphic file (type png)
<use images/historyOfGraphs.png>
Package pdftex.def Info: images/historyOfGraphs.png  used on input line 14.
(pdftex.def)             Requested size: 317.38617pt x 113.8254pt.

Package hyperref Warning: Token not allowed in a PDF string (Unicode):
(hyperref)                removing `\@ifnextchar' on input line 18.


pdfTeX warning (ext4): destination with the same identifier (name{page.2}) has 
been already used, duplicate ignored
<to be read again> 
                   \relax 
l.23 
      [2




 <./images/historyOfGraphs.png>]
<images/lineChartExample.png, id=302, 1068.99374pt x 500.62032pt>
File: images/lineChartExample.png Graphic file (type png)
<use images/lineChartExample.png>
Package pdftex.def Info: images/lineChartExample.png  used on input line 28.
(pdftex.def)             Requested size: 320.70059pt x 150.18726pt.

pdfTeX warning (ext4): destination with the same identifier (name{page.3}) has 
been already used, duplicate ignored
<to be read again> 
                   \relax 
l.39 \clearpage
                [3 <./images/lineChartExample.png>]
<images/barChartExample.png, id=312, 1068.99374pt x 500.62032pt>
File: images/barChartExample.png Graphic file (type png)
<use images/barChartExample.png>
Package pdftex.def Info: images/barChartExample.png  used on input line 43.
(pdftex.def)             Requested size: 320.70059pt x 150.18726pt.
<images/pieChartExample.png, id=314, 578.16pt x 505.13719pt>
File: images/pieChartExample.png Graphic file (type png)
<use images/pieChartExample.png>
Package pdftex.def Info: images/pieChartExample.png  used on input line 56.
(pdftex.def)             Requested size: 231.2599pt x 202.05128pt.
<images/radarChartExample.png, id=316, 578.91281pt x 499.11469pt>
File: images/radarChartExample.png Graphic file (type png)
<use images/radarChartExample.png>
Package pdftex.def Info: images/radarChartExample.png  used on input line 69.
(pdftex.def)             Requested size: 231.56102pt x 199.64232pt.

pdfTeX warning (ext4): destination with the same identifier (name{page.4}) has 
been already used, duplicate ignored
<to be read again> 
                   \relax 
l.72 \end{figure}
                  [4

 <./images/barChartExample.png> <./images/pieChartExample.png>] [5 <./images/ra
darChartExample.png>] [6]
<images/europeInvestExample.png, id=339, 1424.32124pt x 594.72188pt>
File: images/europeInvestExample.png Graphic file (type png)
<use images/europeInvestExample.png>
Package pdftex.def Info: images/europeInvestExample.png  used on input line 129
.
(pdftex.def)             Requested size: 427.29967pt x 178.41794pt.
 [7 <./images/europeInvestExample.png>]) [8]
\openout2 = `chapters/3_specification.aux'.

 (chapters/3_specification.tex
3. fejezet.

Underfull \hbox (badness 10000) in paragraph at lines 9--10

 []

[9




]
Underfull \hbox (badness 10000) in paragraph at lines 55--56

 []

<images/htmlExample.png, id=359, 248.42813pt x 162.6075pt>
File: images/htmlExample.png Graphic file (type png)
<use images/htmlExample.png>
Package pdftex.def Info: images/htmlExample.png  used on input line 59.
(pdftex.def)             Requested size: 198.74277pt x 130.08617pt.

LaTeX Warning: `h' float specifier changed to `ht'.

[10]
<images/canvasExample.png, id=365, 545.03625pt x 136.25906pt>
File: images/canvasExample.png Graphic file (type png)
<use images/canvasExample.png>
Package pdftex.def Info: images/canvasExample.png  used on input line 73.
(pdftex.def)             Requested size: 381.52278pt x 95.38068pt.

Underfull \hbox (badness 10000) in paragraph at lines 81--82

 []

[11 <./images/htmlExample.png> <./images/canvasExample.png>]
Underfull \hbox (badness 10000) in paragraph at lines 84--85

 []

<images/cssTypes.png, id=373, 602.25pt x 445.665pt>
File: images/cssTypes.png Graphic file (type png)
<use images/cssTypes.png>
Package pdftex.def Info: images/cssTypes.png  used on input line 95.
(pdftex.def)             Requested size: 301.12425pt x 222.83195pt.
<images/bootstrap.png, id=376, 551.81157pt x 377.91188pt>
File: images/bootstrap.png Graphic file (type png)
<use images/bootstrap.png>
Package pdftex.def Info: images/bootstrap.png  used on input line 106.
(pdftex.def)             Requested size: 275.9051pt x 188.95547pt.

LaTeX Warning: `h' float specifier changed to `ht'.

[12 <./images/cssTypes.png>]
<images/gridSystem.png, id=388, 950.04938pt x 176.91093pt>
File: images/gridSystem.png Graphic file (type png)
<use images/gridSystem.png>
Package pdftex.def Info: images/gridSystem.png  used on input line 119.
(pdftex.def)             Requested size: 380.01302pt x 70.7631pt.
 [13 <./images/bootstrap.png> <./images/gridSystem.png>]
Underfull \hbox (badness 10000) in paragraph at lines 150--151

 []

[14]
Underfull \hbox (badness 10000) in paragraph at lines 154--155

 []

<images/jsonExample.png, id=412, 285.31593pt x 147.55125pt>
File: images/jsonExample.png Graphic file (type png)
<use images/jsonExample.png>
Package pdftex.def Info: images/jsonExample.png  used on input line 166.
(pdftex.def)             Requested size: 256.78195pt x 132.79488pt.
<images/chartExample.png, id=415, 490.83376pt x 493.845pt>
File: images/chartExample.png Graphic file (type png)
<use images/chartExample.png>
Package pdftex.def Info: images/chartExample.png  used on input line 177.
(pdftex.def)             Requested size: 294.50252pt x 296.30928pt.

LaTeX Warning: `h' float specifier changed to `ht'.

<images/barChartJSExample.png, id=417, 1126.2075pt x 567.62062pt>
File: images/barChartJSExample.png Graphic file (type png)
<use images/barChartJSExample.png>
Package pdftex.def Info: images/barChartJSExample.png  used on input line 184.
(pdftex.def)             Requested size: 337.86487pt x 170.28749pt.

LaTeX Warning: `h' float specifier changed to `ht'.

[15 <./images/jsonExample.png>] [16 <./images/chartExample.png>]) [17 <./images
/barChartJSExample.png>]
\openout2 = `chapters/4_implementation.aux'.

 (chapters/4_implementation.tex
4. fejezet.
[18




]
Underfull \hbox (badness 10000) in paragraph at lines 40--41

 []

[19]
<images/demoAPI.png, id=449, 421.575pt x 46.67438pt>
File: images/demoAPI.png Graphic file (type png)
<use images/demoAPI.png>
Package pdftex.def Info: images/demoAPI.png  used on input line 44.
(pdftex.def)             Requested size: 379.41399pt x 42.00653pt.
<images/postman.png, id=452, 740.0147pt x 295.85532pt>
File: images/postman.png Graphic file (type png)
<use images/postman.png>
Package pdftex.def Info: images/postman.png  used on input line 58.
(pdftex.def)             Requested size: 370.00644pt x 147.92729pt.
 [20 <./images/demoAPI.png> <./images/postman.png>] [21]
<images/navbarFunction.png, id=470, 349.305pt x 241.65282pt>
File: images/navbarFunction.png Graphic file (type png)
<use images/navbarFunction.png>
Package pdftex.def Info: images/navbarFunction.png  used on input line 94.
(pdftex.def)             Requested size: 279.44437pt x 193.32251pt.
<images/datepicker.png, id=472, 340.27126pt x 313.17pt>
File: images/datepicker.png Graphic file (type png)
<use images/datepicker.png>
Package pdftex.def Info: images/datepicker.png  used on input line 103.
(pdftex.def)             Requested size: 238.18825pt x 219.21748pt.


LaTeX Warning: `h' float specifier changed to `ht'.

[22 <./images/navbarFunction.png>]
<images/dateValidation.png, id=482, 302.63063pt x 298.86656pt>
File: images/dateValidation.png Graphic file (type png)
<use images/dateValidation.png>
Package pdftex.def Info: images/dateValidation.png  used on input line 116.
(pdftex.def)             Requested size: 226.97241pt x 224.14935pt.
 [23 <./images/datepicker.png> <./images/dateValidation.png>]
<images/emptyDate.png, id=491, 425.33907pt x 132.495pt>
File: images/emptyDate.png Graphic file (type png)
<use images/emptyDate.png>
Package pdftex.def Info: images/emptyDate.png  used on input line 125.
(pdftex.def)             Requested size: 382.8016pt x 119.24438pt.
 (C:\Program Files\MiKTeX\tex/latex/listings\lstlang1.sty
File: lstlang1.sty 2023/02/27 1.9 listings language file
)
(C:\Program Files\MiKTeX\tex/latex/listings\lstlang1.sty
File: lstlang1.sty 2023/02/27 1.9 listings language file
)
(C:\Program Files\MiKTeX\tex/latex/listings\lstmisc.sty
File: lstmisc.sty 2023/02/27 1.9 (Carsten Heinz)
)
<images/fetch.png, id=493, 294.34969pt x 187.45032pt>
File: images/fetch.png Graphic file (type png)
<use images/fetch.png>
Package pdftex.def Info: images/fetch.png  used on input line 140.
(pdftex.def)             Requested size: 235.48006pt x 149.96043pt.
<images/types.png, id=494, 466.74374pt x 459.96844pt>
File: images/types.png Graphic file (type png)
<use images/types.png>
Package pdftex.def Info: images/types.png  used on input line 149.
(pdftex.def)             Requested size: 280.0484pt x 275.98318pt.


LaTeX Warning: `h' float specifier changed to `ht'.

[24 <./images/emptyDate.png> <./images/fetch.png>]
<images/chartData.png, id=511, 458.46281pt x 164.86594pt>
File: images/chartData.png Graphic file (type png)
<use images/chartData.png>
Package pdftex.def Info: images/chartData.png  used on input line 163.
(pdftex.def)             Requested size: 366.77074pt x 131.8929pt.
 [25 <./images/types.png> <./images/chartData.png>]
<images/makeNew.png, id=521, 335.00156pt x 105.39375pt>
File: images/makeNew.png Graphic file (type png)
<use images/makeNew.png>
Package pdftex.def Info: images/makeNew.png  used on input line 172.
(pdftex.def)             Requested size: 268.0016pt x 84.3151pt.
<images/nodeTest.png, id=524, 380.17032pt x 150.5625pt>
File: images/nodeTest.png Graphic file (type png)
<use images/nodeTest.png>
Package pdftex.def Info: images/nodeTest.png  used on input line 184.
(pdftex.def)             Requested size: 342.15012pt x 135.50497pt.
 [26 <./images/makeNew.png> <./images/nodeTest.png>]
<images/packageJSON.png, id=535, 361.35pt x 317.68687pt>
File: images/packageJSON.png Graphic file (type png)
<use images/packageJSON.png>
Package pdftex.def Info: images/packageJSON.png  used on input line 200.
(pdftex.def)             Requested size: 325.21199pt x 285.91553pt.
<images/serverPort.png, id=538, 319.94531pt x 126.4725pt>
File: images/serverPort.png Graphic file (type png)
<use images/serverPort.png>
Package pdftex.def Info: images/serverPort.png  used on input line 211.
(pdftex.def)             Requested size: 287.9481pt x 113.82419pt.


LaTeX Warning: `h' float specifier changed to `ht'.

[27 <./images/packageJSON.png>]
<images/createServer.png, id=550, 350.05782pt x 151.3153pt>
File: images/createServer.png Graphic file (type png)
<use images/createServer.png>
Package pdftex.def Info: images/createServer.png  used on input line 222.
(pdftex.def)             Requested size: 350.05695pt x 151.31493pt.
<images/apiCall.png, id=553, 387.69844pt x 253.69781pt>
File: images/apiCall.png Graphic file (type png)
<use images/apiCall.png>
Package pdftex.def Info: images/apiCall.png  used on input line 231.
(pdftex.def)             Requested size: 310.15916pt x 202.95851pt.


LaTeX Warning: `h' float specifier changed to `ht'.

[28 <./images/serverPort.png> <./images/createServer.png>]
<images/getData.png, id=568, 587.19376pt x 139.27031pt>
File: images/getData.png Graphic file (type png)
<use images/getData.png>
Package pdftex.def Info: images/getData.png  used on input line 252.
(pdftex.def)             Requested size: 411.03282pt x 97.48854pt.
) [29 <./images/apiCall.png> <./images/getData.png>]
\openout2 = `chapters/5_presentation.aux'.

 (chapters/5_presentation.tex
5. fejezet.
<images/flowchart.png, id=577, 663.47874pt x 603.25375pt>
File: images/flowchart.png Graphic file (type png)
<use images/flowchart.png>
Package pdftex.def Info: images/flowchart.png  used on input line 11.
(pdftex.def)             Requested size: 331.73856pt x 301.62613pt.
[30




 <./images/flowchart.png>]
<images/home.png, id=587, 612.03656pt x 565.36218pt>
File: images/home.png Graphic file (type png)
<use images/home.png>
Package pdftex.def Info: images/home.png  used on input line 35.
(pdftex.def)             Requested size: 244.81029pt x 226.14085pt.
 [31 <./images/home.png>]
<images/graphPlotter.png, id=596, 796.47563pt x 586.44093pt>
File: images/graphPlotter.png Graphic file (type png)
<use images/graphPlotter.png>
Package pdftex.def Info: images/graphPlotter.png  used on input line 53.
(pdftex.def)             Requested size: 318.58461pt x 234.5722pt.
 [32 <./images/graphPlotter.png>]
<images/invest.png, id=606, 587.94656pt x 506.6428pt>
File: images/invest.png Graphic file (type png)
<use images/invest.png>
Package pdftex.def Info: images/invest.png  used on input line 72.
(pdftex.def)             Requested size: 293.97256pt x 253.32079pt.
 [33 <./images/invest.png>]
<images/contact.png, id=616, 543.53062pt x 360.59718pt>
File: images/contact.png Graphic file (type png)
<use images/contact.png>
Package pdftex.def Info: images/contact.png  used on input line 84.
(pdftex.def)             Requested size: 271.76463pt x 180.29814pt.
 [34 <./images/contact.png>]
<images/navbar.png, id=625, 411.78844pt x 266.49562pt>
File: images/navbar.png Graphic file (type png)
<use images/navbar.png>
Package pdftex.def Info: images/navbar.png  used on input line 102.
(pdftex.def)             Requested size: 205.8937pt x 133.24748pt.
<images/footer.png, id=627, 579.66562pt x 439.6425pt>
File: images/footer.png Graphic file (type png)
<use images/footer.png>
Package pdftex.def Info: images/footer.png  used on input line 113.
(pdftex.def)             Requested size: 289.83209pt x 219.82071pt.
 [35 <./images/navbar.png> <./images/footer.png>]
Underfull \hbox (badness 10000) in paragraph at lines 127--128

 []

[36]) [37]
\openout2 = `chapters/6_summary.aux'.

 (chapters/6_summary.tex
6. fejezet.
[38




] [39]) [40] (dolgozat.bbl
Underfull \hbox (badness 10000) in paragraph at lines 4--6
[]\T1/cmr/m/n/12 Forrás:[]$\T1/cmtt/m/n/12 https : / / www . portfolio . hu / p
rof / 20181005 /
 []


Underfull \hbox (badness 5331) in paragraph at lines 4--6
\T1/cmtt/m/n/12 a-[]grafikon-[]ami-[]eleteket-[]mentett-[]299542$[]\T1/cmr/m/n/
12 , \T1/cmr/m/it/12 Fel-hasz-nál-tam a tör-té-net be-
 []


Underfull \hbox (badness 10000) in paragraph at lines 8--9
[]\T1/cmr/m/n/12 Forrás: []$\T1/cmtt/m/n/12 https : / / admiralmarkets . com / 
hu / education / articles /
 []


Underfull \hbox (badness 10000) in paragraph at lines 23--24
[]\T1/cmr/m/n/12 Forrás: []$\T1/cmtt/m/n/12 https : / / www . otpbank . hu / ot
palapkezelo / hu / Befektetesi _ alapok /
 []


Overfull \hbox (55.35704pt too wide) in paragraph at lines 26--27
[]\T1/cmr/m/n/12 Forrás: []$\T1/cmtt/m/n/12 https : / / docplayer . hu / 706911
4-[]Arfolyamok-[]miskolci-[]egyetem-[]mesterkepzes .|
 []


Overfull \hbox (170.74298pt too wide) in paragraph at lines 29--30
[]\T1/cmr/m/n/12 Forrás: []$\T1/cmtt/m/n/12 https : / / promanconsulting . hu /
 mi-[]az-[]agilis-[]modszertan-[]legelterjedtebb-[]agilis-[]modszertanok/$[]\T1
/cmr/m/n/12 ,|
 []


Underfull \hbox (badness 10000) in paragraph at lines 35--36
[]\T1/cmr/m/n/12 Forrás: []$\T1/cmtt/m/n/12 https : / / getbootstrap . com / do
cs / 5 . 3 / getting-[]started /
 []


Underfull \hbox (badness 10000) in paragraph at lines 38--39
[]\T1/cmr/m/n/12 Forrás: []$\T1/cmtt/m/n/12 https : / / www . w3schools . com /
 bootstrap / bootstrap _ grid _ system .
 []


Underfull \hbox (badness 10000) in paragraph at lines 53--54
[]\T1/cmr/m/n/12 Forrás: []$\T1/cmtt/m/n/12 https : / / eodhistoricaldata . com
 / financial-[]apis /
 []


Underfull \hbox (badness 10000) in paragraph at lines 53--54
\T1/cmtt/m/n/12 stock-[]etfs-[]fundamental-[]data-[]feeds/$[]\T1/cmr/m/n/12 , \
T1/cmr/m/it/12 T®zs-dei ada-tok API hí-vá-sok-kal
 []

[41




]
Underfull \hbox (badness 10000) in paragraph at lines 59--60
[]\T1/cmr/m/n/12 Forrás: []$\T1/cmtt/m/n/12 https : / / www . simplilearn . com
 / tutorials / git-[]tutorial /
 []


Overfull \hbox (21.57916pt too wide) in paragraph at lines 71--72
[]\T1/cmr/m/n/12 Forrás: []$\T1/cmtt/m/n/12 https : / / www . honlapdiszkont . 
com / milyen-[]a-[]jol-[]konvertalo-[]kezdolap/$[]\T1/cmr/m/n/12 ,|
 []


Underfull \hbox (badness 2142) in paragraph at lines 74--75
[]\T1/cmr/m/n/12 Forrás: []$\T1/cmtt/m/n/12 https : / / www . investopedia . co
m / terms / s / stock-[]analysis . asp$[]\T1/cmr/m/n/12 , \T1/cmr/m/it/12 Fel-
 []

) [42]
\openout2 = `cover/hasznalati.aux'.

 (cover/hasznalati.tex) [43

]
\tf@thm=\write6
\openout6 = `dolgozat.thm'.

 (dolgozat.aux (cover/cimlap.aux)
(cover/feladatkiiras.aux) (chapters/1_introduction.aux)
(chapters/2_theoretical_background.aux) (chapters/3_specification.aux)
(chapters/4_implementation.aux) (chapters/5_presentation.aux)
(chapters/6_summary.aux) (cover/hasznalati.aux))

LaTeX Warning: There were multiply-defined labels.

Package rerunfilecheck Info: File `dolgozat.out' has not changed.
(rerunfilecheck)             Checksum: 7D0A39B51D64378793B4DA2ADAE188E8;7067.
 ) 
Here is how much of TeX's memory you used:
 17083 strings out of 476360
 274329 string characters out of 5797811
 1864993 words of memory out of 5000000
 36951 multiletter control sequences out of 15000+600000
 534732 words of font info for 85 fonts, out of 8000000 for 9000
 1141 hyphenation exceptions out of 8191
 87i,12n,90p,1439b,1245s stack positions out of 10000i,1000n,20000p,200000b,200000s
 <C:\Users\Bencze Zsombor\AppData\Local\MiKTeX\fonts/pk/ljfour/jknappen/ec/dp
i600\ecrm0800.pk> <C:\Users\Bencze Zsombor\AppData\Local\MiKTeX\fonts/pk/ljfour
/jknappen/ec/dpi600\tcti1200.pk> <C:\Users\Bencze Zsombor\AppData\Local\MiKTeX\
fonts/pk/ljfour/jknappen/ec/dpi600\ecsl1200.pk> <C:\Users\Bencze Zsombor\AppDat
a\Local\MiKTeX\fonts/pk/ljfour/jknappen/ec/dpi600\ecbx1728.pk> <C:\Users\Bencze
 Zsombor\AppData\Local\MiKTeX\fonts/pk/ljfour/jknappen/ec/dpi600\ecbx2488.pk> <
C:\Users\Bencze Zsombor\AppData\Local\MiKTeX\fonts/pk/ljfour/jknappen/ec/dpi600
\tcrm1200.pk> <C:\Users\Bencze Zsombor\AppData\Local\MiKTeX\fonts/pk/ljfour/jkn
appen/ec/dpi600\ectt1200.pk> <C:\Users\Bencze Zsombor\AppData\Local\MiKTeX\font
s/pk/ljfour/jknappen/ec/dpi600\ecti1200.pk> <C:\Users\Bencze Zsombor\AppData\Lo
cal\MiKTeX\fonts/pk/ljfour/jknappen/ec/dpi600\ecbx1200.pk> <C:\Users\Bencze Zso
mbor\AppData\Local\MiKTeX\fonts/pk/ljfour/jknappen/ec/dpi600\ecrm1200.pk> <C:\U
sers\Bencze Zsombor\AppData\Local\MiKTeX\fonts/pk/ljfour/jknappen/ec/dpi600\ecx
c1200.pk> <C:\Users\Bencze Zsombor\AppData\Local\MiKTeX\fonts/pk/ljfour/jknappe
n/ec/dpi600\ecrm1440.pk> <C:\Users\Bencze Zsombor\AppData\Local\MiKTeX\fonts/pk
/ljfour/jknappen/ec/dpi600\ecbx1440.pk> <C:\Users\Bencze Zsombor\AppData\Local\
MiKTeX\fonts/pk/ljfour/jknappen/ec/dpi600\ecbx2074.pk> <C:\Users\Bencze Zsombor
\AppData\Local\MiKTeX\fonts/pk/ljfour/jknappen/ec/dpi600\ecxc1440.pk> <C:\Users
\Bencze Zsombor\AppData\Local\MiKTeX\fonts/pk/ljfour/jknappen/ec/dpi600\ecxc248
8.pk><C:/Program Files/MiKTeX/fonts/type1/public/amsfonts/latxfont/lcircle1.pfb
><C:/Users/Bencze Zsombor/AppData/Roaming/MiKTeX/fonts/type1/public/txfonts/t1x
btt.pfb><C:/Users/Bencze Zsombor/AppData/Roaming/MiKTeX/fonts/type1/public/txfo
nts/t1xtt.pfb>
Output written on dolgozat.pdf (49 pages, 3238029 bytes).
PDF statistics:
 1386 PDF objects out of 1440 (max. 8388607)
 185 named destinations out of 1000 (max. 500000)
 575 words of extra memory for PDF output out of 10000 (max. 10000000)

